0 info it worked if it ends with ok
1 verbose cli [ 'C:\\Program Files\\nodejs\\node.exe',
1 verbose cli   'C:\\Program Files\\nodejs\\node_modules\\npm\\bin\\npm-cli.js',
1 verbose cli   'run',
1 verbose cli   'build' ]
2 info using npm@4.0.5
3 info using node@v7.4.0
4 verbose run-script [ 'prebuild', 'build', 'postbuild' ]
5 info lifecycle giphy@~prebuild: giphy@
6 silly lifecycle giphy@~prebuild: no script for prebuild, continuing
7 info lifecycle giphy@~build: giphy@
8 verbose lifecycle giphy@~build: unsafe-perm in lifecycle true
9 verbose lifecycle giphy@~build: PATH: C:\Program Files\nodejs\node_modules\npm\bin\node-gyp-bin;C:\Users\chris\Documents\GitHub\giphy\node_modules\.bin;C:\Users\chris\AppData\Local\GitHub\PortableGit_d7effa1a4a322478cd29c826b52a0c118ad3db11\cmd;C:\Users\chris\AppData\Local\GitHub\PortableGit_d7effa1a4a322478cd29c826b52a0c118ad3db11\usr\bin;C:\Users\chris\AppData\Local\GitHub\PortableGit_d7effa1a4a322478cd29c826b52a0c118ad3db11\usr\share\git-tfs;C:\Users\chris\AppData\Local\Apps\2.0\3BTD30YC.GW1\YT43D0CM.545\gith..tion_317444273a93ac29_0003.0003_665ccbdbd3c2d8d4;C:\Users\chris\AppData\Local\GitHub\lfs-amd64_1.3.1;C:\Windows\system32;C:\Windows;C:\Windows\System32\Wbem;C:\Windows\System32\WindowsPowerShell\v1.0\;C:\Windows\system32\config\systemprofile\.dnx\bin;C:\Program Files\Microsoft DNX\Dnvm\;C:\Program Files\Microsoft SQL Server\130\Tools\Binn\;C:\Program Files\nodejs\;C:\ProgramData\chocolatey\bin;C:\Program Files (x86)\Yarn\bin;C:\Users\chris\AppData\Local\Microsoft\WindowsApps;C:\Users\chris\AppData\Local\atom\bin;C:\Program Files (x86)\Microsoft VS Code\bin;C:\Users\chris\AppData\Roaming\npm;C:\Users\chris\AppData\Local\Yarn\.bin;C:\Program Files (x86)\MSBuild\14.0\bin\;C:\Program Files (x86)\Microsoft SDKs\Windows\v8.1A\bin\NETFX 4.5.1 Tools\x64
10 verbose lifecycle giphy@~build: CWD: C:\Users\chris\Documents\GitHub\giphy
11 silly lifecycle giphy@~build: Args: [ '/d /s /c', 'npm-run-all --parallel build:*' ]
12 silly lifecycle giphy@~build: Returned: code: 1  signal: null
13 info lifecycle giphy@~build: Failed to exec build script
14 verbose stack Error: giphy@ build: `npm-run-all --parallel build:*`
14 verbose stack Exit status 1
14 verbose stack     at EventEmitter.<anonymous> (C:\Program Files\nodejs\node_modules\npm\lib\utils\lifecycle.js:279:16)
14 verbose stack     at emitTwo (events.js:106:13)
14 verbose stack     at EventEmitter.emit (events.js:191:7)
14 verbose stack     at ChildProcess.<anonymous> (C:\Program Files\nodejs\node_modules\npm\lib\utils\spawn.js:40:14)
14 verbose stack     at emitTwo (events.js:106:13)
14 verbose stack     at ChildProcess.emit (events.js:191:7)
14 verbose stack     at maybeClose (internal/child_process.js:885:16)
14 verbose stack     at Process.ChildProcess._handle.onexit (internal/child_process.js:226:5)
15 verbose pkgid giphy@
16 verbose cwd C:\Users\chris\Documents\GitHub\giphy
17 error Windows_NT 10.0.14393
18 error argv "C:\\Program Files\\nodejs\\node.exe" "C:\\Program Files\\nodejs\\node_modules\\npm\\bin\\npm-cli.js" "run" "build"
19 error node v7.4.0
20 error npm  v4.0.5
21 error code ELIFECYCLE
22 error giphy@ build: `npm-run-all --parallel build:*`
22 error Exit status 1
23 error Failed at the giphy@ build script 'npm-run-all --parallel build:*'.
23 error Make sure you have the latest version of node.js and npm installed.
23 error If you do, this is most likely a problem with the giphy package,
23 error not with npm itself.
23 error Tell the author that this fails on your system:
23 error     npm-run-all --parallel build:*
23 error You can get information on how to open an issue for this project with:
23 error     npm bugs giphy
23 error Or if that isn't available, you can get their info via:
23 error     npm owner ls giphy
23 error There is likely additional logging output above.
24 verbose exit [ 1, true ]
